2004.09.03 08:56 B c:\Programme\DeerAnalysisPackage\examples\series\series.txt <-- perplex /home/user1/jeschke/DeerAnalysisPackage/examples/series series.txt
2004.09.03 08:56 B c:\Programme\DeerAnalysisPackage\examples\series\series1.DSC <-- perplex /home/user1/jeschke/DeerAnalysisPackage/examples/series series1.DSC
2004.09.03 08:56 B c:\Programme\DeerAnalysisPackage\examples\series\series1.DTA <-- perplex /home/user1/jeschke/DeerAnalysisPackage/examples/series series1.DTA
2004.09.03 08:56 B c:\Programme\DeerAnalysisPackage\examples\series\series10.DSC <-- perplex /home/user1/jeschke/DeerAnalysisPackage/examples/series series10.DSC
2004.09.03 08:56 B c:\Programme\DeerAnalysisPackage\examples\series\series10.DTA <-- perplex /home/user1/jeschke/DeerAnalysisPackage/examples/series series10.DTA
2004.09.03 08:56 B c:\Programme\DeerAnalysisPackage\examples\series\series2.DSC <-- perplex /home/user1/jeschke/DeerAnalysisPackage/examples/series series2.DSC
2004.09.03 08:56 B c:\Programme\DeerAnalysisPackage\examples\series\series2.DTA <-- perplex /home/user1/jeschke/DeerAnalysisPackage/examples/series series2.DTA
2004.09.03 08:56 B c:\Programme\DeerAnalysisPackage\examples\series\series3.DSC <-- perplex /home/user1/jeschke/DeerAnalysisPackage/examples/series series3.DSC
2004.09.03 08:56 B c:\Programme\DeerAnalysisPackage\examples\series\series3.DTA <-- perplex /home/user1/jeschke/DeerAnalysisPackage/examples/series series3.DTA
2004.09.03 08:56 B c:\Programme\DeerAnalysisPackage\examples\series\series4.DSC <-- perplex /home/user1/jeschke/DeerAnalysisPackage/examples/series series4.DSC
2004.09.03 08:56 B c:\Programme\DeerAnalysisPackage\examples\series\series4.DTA <-- perplex /home/user1/jeschke/DeerAnalysisPackage/examples/series series4.DTA
2004.09.03 08:56 B c:\Programme\DeerAnalysisPackage\examples\series\series5.DSC <-- perplex /home/user1/jeschke/DeerAnalysisPackage/examples/series series5.DSC
2004.09.03 08:56 B c:\Programme\DeerAnalysisPackage\examples\series\series5.DTA <-- perplex /home/user1/jeschke/DeerAnalysisPackage/examples/series series5.DTA
2004.09.03 08:56 B c:\Programme\DeerAnalysisPackage\examples\series\series6.DSC <-- perplex /home/user1/jeschke/DeerAnalysisPackage/examples/series series6.DSC
2004.09.03 08:56 B c:\Programme\DeerAnalysisPackage\examples\series\series6.DTA <-- perplex /home/user1/jeschke/DeerAnalysisPackage/examples/series series6.DTA
2004.09.03 08:56 B c:\Programme\DeerAnalysisPackage\examples\series\series7.DSC <-- perplex /home/user1/jeschke/DeerAnalysisPackage/examples/series series7.DSC
2004.09.03 08:56 B c:\Programme\DeerAnalysisPackage\examples\series\series7.DTA <-- perplex /home/user1/jeschke/DeerAnalysisPackage/examples/series series7.DTA
2004.09.03 08:56 B c:\Programme\DeerAnalysisPackage\examples\series\series8.DSC <-- perplex /home/user1/jeschke/DeerAnalysisPackage/examples/series series8.DSC
2004.09.03 08:56 B c:\Programme\DeerAnalysisPackage\examples\series\series8.DTA <-- perplex /home/user1/jeschke/DeerAnalysisPackage/examples/series series8.DTA
2004.09.03 08:56 B c:\Programme\DeerAnalysisPackage\examples\series\series9.DSC <-- perplex /home/user1/jeschke/DeerAnalysisPackage/examples/series series9.DSC
2004.09.03 08:56 B c:\Programme\DeerAnalysisPackage\examples\series\series9.DTA <-- perplex /home/user1/jeschke/DeerAnalysisPackage/examples/series series9.DTA
2004.09.03 17:43 B c:\Programme\DeerAnalysisPackage\examples\series\series1.DTA --> perplex /home/user1/jeschke/package/calibdepth/series series1.DTA
2004.09.03 17:43 B c:\Programme\DeerAnalysisPackage\examples\series\series10.DTA --> perplex /home/user1/jeschke/package/calibdepth/series series10.DTA
2004.09.03 17:43 B c:\Programme\DeerAnalysisPackage\examples\series\series2.DTA --> perplex /home/user1/jeschke/package/calibdepth/series series2.DTA
2004.09.03 17:43 B c:\Programme\DeerAnalysisPackage\examples\series\series3.DTA --> perplex /home/user1/jeschke/package/calibdepth/series series3.DTA
2004.09.03 17:43 B c:\Programme\DeerAnalysisPackage\examples\series\series4.DTA --> perplex /home/user1/jeschke/package/calibdepth/series series4.DTA
2004.09.03 17:43 B c:\Programme\DeerAnalysisPackage\examples\series\series5.DTA --> perplex /home/user1/jeschke/package/calibdepth/series series5.DTA
2004.09.03 17:43 B c:\Programme\DeerAnalysisPackage\examples\series\series6.DTA --> perplex /home/user1/jeschke/package/calibdepth/series series6.DTA
2004.09.03 17:43 B c:\Programme\DeerAnalysisPackage\examples\series\series7.DTA --> perplex /home/user1/jeschke/package/calibdepth/series series7.DTA
2004.09.03 17:43 B c:\Programme\DeerAnalysisPackage\examples\series\series8.DTA --> perplex /home/user1/jeschke/package/calibdepth/series series8.DTA
2004.09.03 17:43 B c:\Programme\DeerAnalysisPackage\examples\series\series9.DTA --> perplex /home/user1/jeschke/package/calibdepth/series series9.DTA
2004.09.03 17:44 B c:\Programme\DeerAnalysisPackage\examples\series\series1.DTA --> perplex /home/user1/jeschke/package/examples/series series1.DTA
2004.09.03 17:44 B c:\Programme\DeerAnalysisPackage\examples\series\series10.DTA --> perplex /home/user1/jeschke/package/examples/series series10.DTA
2004.09.03 17:44 B c:\Programme\DeerAnalysisPackage\examples\series\series2.DTA --> perplex /home/user1/jeschke/package/examples/series series2.DTA
2004.09.03 17:44 B c:\Programme\DeerAnalysisPackage\examples\series\series3.DTA --> perplex /home/user1/jeschke/package/examples/series series3.DTA
2004.09.03 17:44 B c:\Programme\DeerAnalysisPackage\examples\series\series4.DTA --> perplex /home/user1/jeschke/package/examples/series series4.DTA
2004.09.03 17:44 B c:\Programme\DeerAnalysisPackage\examples\series\series5.DTA --> perplex /home/user1/jeschke/package/examples/series series5.DTA
2004.09.03 17:44 B c:\Programme\DeerAnalysisPackage\examples\series\series6.DTA --> perplex /home/user1/jeschke/package/examples/series series6.DTA
2004.09.03 17:44 B c:\Programme\DeerAnalysisPackage\examples\series\series7.DTA --> perplex /home/user1/jeschke/package/examples/series series7.DTA
2004.09.03 17:44 B c:\Programme\DeerAnalysisPackage\examples\series\series8.DTA --> perplex /home/user1/jeschke/package/examples/series series8.DTA
2004.09.03 17:44 B c:\Programme\DeerAnalysisPackage\examples\series\series9.DTA --> perplex /home/user1/jeschke/package/examples/series series9.DTA
2004.09.03 17:44 B c:\Programme\DeerAnalysisPackage\examples\series\series.txt --> perplex /home/user1/jeschke/package/examples/series series.txt
2004.09.03 17:44 B c:\Programme\DeerAnalysisPackage\examples\series\series1.DSC --> perplex /home/user1/jeschke/package/examples/series series1.DSC
2004.09.03 17:44 B c:\Programme\DeerAnalysisPackage\examples\series\series1.DTA --> perplex /home/user1/jeschke/package/examples/series series1.DTA
2004.09.03 17:44 B c:\Programme\DeerAnalysisPackage\examples\series\series10.DSC --> perplex /home/user1/jeschke/package/examples/series series10.DSC
2004.09.03 17:44 B c:\Programme\DeerAnalysisPackage\examples\series\series10.DTA --> perplex /home/user1/jeschke/package/examples/series series10.DTA
2004.09.03 17:44 B c:\Programme\DeerAnalysisPackage\examples\series\series2.DSC --> perplex /home/user1/jeschke/package/examples/series series2.DSC
2004.09.03 17:44 B c:\Programme\DeerAnalysisPackage\examples\series\series2.DTA --> perplex /home/user1/jeschke/package/examples/series series2.DTA
2004.09.03 17:44 B c:\Programme\DeerAnalysisPackage\examples\series\series3.DSC --> perplex /home/user1/jeschke/package/examples/series series3.DSC
2004.09.03 17:44 B c:\Programme\DeerAnalysisPackage\examples\series\series3.DTA --> perplex /home/user1/jeschke/package/examples/series series3.DTA
2004.09.03 17:44 B c:\Programme\DeerAnalysisPackage\examples\series\series4.DSC --> perplex /home/user1/jeschke/package/examples/series series4.DSC
2004.09.03 17:44 B c:\Programme\DeerAnalysisPackage\examples\series\series4.DTA --> perplex /home/user1/jeschke/package/examples/series series4.DTA
2004.09.03 17:44 B c:\Programme\DeerAnalysisPackage\examples\series\series5.DSC --> perplex /home/user1/jeschke/package/examples/series series5.DSC
2004.09.03 17:44 B c:\Programme\DeerAnalysisPackage\examples\series\series5.DTA --> perplex /home/user1/jeschke/package/examples/series series5.DTA
2004.09.03 17:44 B c:\Programme\DeerAnalysisPackage\examples\series\series6.DSC --> perplex /home/user1/jeschke/package/examples/series series6.DSC
2004.09.03 17:44 B c:\Programme\DeerAnalysisPackage\examples\series\series6.DTA --> perplex /home/user1/jeschke/package/examples/series series6.DTA
2004.09.03 17:44 B c:\Programme\DeerAnalysisPackage\examples\series\series7.DSC --> perplex /home/user1/jeschke/package/examples/series series7.DSC
2004.09.03 17:44 B c:\Programme\DeerAnalysisPackage\examples\series\series7.DTA --> perplex /home/user1/jeschke/package/examples/series series7.DTA
2004.09.03 17:44 B c:\Programme\DeerAnalysisPackage\examples\series\series8.DSC --> perplex /home/user1/jeschke/package/examples/series series8.DSC
2004.09.03 17:44 B c:\Programme\DeerAnalysisPackage\examples\series\series8.DTA --> perplex /home/user1/jeschke/package/examples/series series8.DTA
2004.09.03 17:44 B c:\Programme\DeerAnalysisPackage\examples\series\series9.DSC --> perplex /home/user1/jeschke/package/examples/series series9.DSC
2004.09.03 17:44 B c:\Programme\DeerAnalysisPackage\examples\series\series9.DTA --> perplex /home/user1/jeschke/package/examples/series series9.DTA
2004.12.03 17:26 B c:\Programme\DeerAnalysisPackage\examples\series\series1.DTA --> perplex /home/user1/jeschke/DeerAnalysisCompact/examples/series series1.DTA
2004.12.03 17:26 B c:\Programme\DeerAnalysisPackage\examples\series\series10.DTA --> perplex /home/user1/jeschke/DeerAnalysisCompact/examples/series series10.DTA
2004.12.03 17:26 B c:\Programme\DeerAnalysisPackage\examples\series\series2.DTA --> perplex /home/user1/jeschke/DeerAnalysisCompact/examples/series series2.DTA
2004.12.03 17:26 B c:\Programme\DeerAnalysisPackage\examples\series\series3.DTA --> perplex /home/user1/jeschke/DeerAnalysisCompact/examples/series series3.DTA
2004.12.03 17:26 B c:\Programme\DeerAnalysisPackage\examples\series\series4.DTA --> perplex /home/user1/jeschke/DeerAnalysisCompact/examples/series series4.DTA
2004.12.03 17:26 B c:\Programme\DeerAnalysisPackage\examples\series\series5.DTA --> perplex /home/user1/jeschke/DeerAnalysisCompact/examples/series series5.DTA
2004.12.03 17:26 B c:\Programme\DeerAnalysisPackage\examples\series\series6.DTA --> perplex /home/user1/jeschke/DeerAnalysisCompact/examples/series series6.DTA
2004.12.03 17:26 B c:\Programme\DeerAnalysisPackage\examples\series\series7.DTA --> perplex /home/user1/jeschke/DeerAnalysisCompact/examples/series series7.DTA
2004.12.03 17:26 B c:\Programme\DeerAnalysisPackage\examples\series\series8.DTA --> perplex /home/user1/jeschke/DeerAnalysisCompact/examples/series series8.DTA
2004.12.03 17:26 B c:\Programme\DeerAnalysisPackage\examples\series\series9.DTA --> perplex /home/user1/jeschke/DeerAnalysisCompact/examples/series series9.DTA
2004.12.03 17:26 B c:\Programme\DeerAnalysisPackage\examples\series\series1.DSC --> perplex /home/user1/jeschke/DeerAnalysisCompact/examples/series series1.DSC
2004.12.03 17:26 B c:\Programme\DeerAnalysisPackage\examples\series\series10.DSC --> perplex /home/user1/jeschke/DeerAnalysisCompact/examples/series series10.DSC
2004.12.03 17:26 B c:\Programme\DeerAnalysisPackage\examples\series\series2.DSC --> perplex /home/user1/jeschke/DeerAnalysisCompact/examples/series series2.DSC
2004.12.03 17:26 B c:\Programme\DeerAnalysisPackage\examples\series\series3.DSC --> perplex /home/user1/jeschke/DeerAnalysisCompact/examples/series series3.DSC
2004.12.03 17:26 B c:\Programme\DeerAnalysisPackage\examples\series\series4.DSC --> perplex /home/user1/jeschke/DeerAnalysisCompact/examples/series series4.DSC
2004.12.03 17:26 B c:\Programme\DeerAnalysisPackage\examples\series\series5.DSC --> perplex /home/user1/jeschke/DeerAnalysisCompact/examples/series series5.DSC
2004.12.03 17:26 B c:\Programme\DeerAnalysisPackage\examples\series\series6.DSC --> perplex /home/user1/jeschke/DeerAnalysisCompact/examples/series series6.DSC
2004.12.03 17:26 B c:\Programme\DeerAnalysisPackage\examples\series\series7.DSC --> perplex /home/user1/jeschke/DeerAnalysisCompact/examples/series series7.DSC
2004.12.03 17:26 B c:\Programme\DeerAnalysisPackage\examples\series\series8.DSC --> perplex /home/user1/jeschke/DeerAnalysisCompact/examples/series series8.DSC
2004.12.03 17:26 B c:\Programme\DeerAnalysisPackage\examples\series\series9.DSC --> perplex /home/user1/jeschke/DeerAnalysisCompact/examples/series series9.DSC
2006.01.05 09:53 B c:\MATLAB6p5\DeerAnalysis2006\examples\series\plot_series_tests.m --> perplex /home/user1/jeschke/DeerAnalysis2006/DeerAnalysis2006/examples/series plot_series_tests.m
2006.01.05 09:53 B c:\MATLAB6p5\DeerAnalysis2006\examples\series\series.txt --> perplex /home/user1/jeschke/DeerAnalysis2006/DeerAnalysis2006/examples/series series.txt
2006.01.05 09:53 B c:\MATLAB6p5\DeerAnalysis2006\examples\series\series1.DSC --> perplex /home/user1/jeschke/DeerAnalysis2006/DeerAnalysis2006/examples/series series1.DSC
2006.01.05 09:53 B c:\MATLAB6p5\DeerAnalysis2006\examples\series\series1.DTA --> perplex /home/user1/jeschke/DeerAnalysis2006/DeerAnalysis2006/examples/series series1.DTA
2006.01.05 09:53 B c:\MATLAB6p5\DeerAnalysis2006\examples\series\series10.DSC --> perplex /home/user1/jeschke/DeerAnalysis2006/DeerAnalysis2006/examples/series series10.DSC
2006.01.05 09:53 B c:\MATLAB6p5\DeerAnalysis2006\examples\series\series10.DTA --> perplex /home/user1/jeschke/DeerAnalysis2006/DeerAnalysis2006/examples/series series10.DTA
2006.01.05 09:53 B c:\MATLAB6p5\DeerAnalysis2006\examples\series\series2.DSC --> perplex /home/user1/jeschke/DeerAnalysis2006/DeerAnalysis2006/examples/series series2.DSC
2006.01.05 09:53 B c:\MATLAB6p5\DeerAnalysis2006\examples\series\series2.DTA --> perplex /home/user1/jeschke/DeerAnalysis2006/DeerAnalysis2006/examples/series series2.DTA
2006.01.05 09:53 B c:\MATLAB6p5\DeerAnalysis2006\examples\series\series3.DSC --> perplex /home/user1/jeschke/DeerAnalysis2006/DeerAnalysis2006/examples/series series3.DSC
2006.01.05 09:53 B c:\MATLAB6p5\DeerAnalysis2006\examples\series\series3.DTA --> perplex /home/user1/jeschke/DeerAnalysis2006/DeerAnalysis2006/examples/series series3.DTA
2006.01.05 09:53 B c:\MATLAB6p5\DeerAnalysis2006\examples\series\series4.DSC --> perplex /home/user1/jeschke/DeerAnalysis2006/DeerAnalysis2006/examples/series series4.DSC
2006.01.05 09:53 B c:\MATLAB6p5\DeerAnalysis2006\examples\series\series4.DTA --> perplex /home/user1/jeschke/DeerAnalysis2006/DeerAnalysis2006/examples/series series4.DTA
2006.01.05 09:53 B c:\MATLAB6p5\DeerAnalysis2006\examples\series\series5.DSC --> perplex /home/user1/jeschke/DeerAnalysis2006/DeerAnalysis2006/examples/series series5.DSC
2006.01.05 09:53 B c:\MATLAB6p5\DeerAnalysis2006\examples\series\series5.DTA --> perplex /home/user1/jeschke/DeerAnalysis2006/DeerAnalysis2006/examples/series series5.DTA
2006.01.05 09:53 B c:\MATLAB6p5\DeerAnalysis2006\examples\series\series6.DSC --> perplex /home/user1/jeschke/DeerAnalysis2006/DeerAnalysis2006/examples/series series6.DSC
2006.01.05 09:53 B c:\MATLAB6p5\DeerAnalysis2006\examples\series\series6.DTA --> perplex /home/user1/jeschke/DeerAnalysis2006/DeerAnalysis2006/examples/series series6.DTA
2006.01.05 09:53 B c:\MATLAB6p5\DeerAnalysis2006\examples\series\series7.DSC --> perplex /home/user1/jeschke/DeerAnalysis2006/DeerAnalysis2006/examples/series series7.DSC
2006.01.05 09:53 B c:\MATLAB6p5\DeerAnalysis2006\examples\series\series7.DTA --> perplex /home/user1/jeschke/DeerAnalysis2006/DeerAnalysis2006/examples/series series7.DTA
2006.01.05 09:53 B c:\MATLAB6p5\DeerAnalysis2006\examples\series\series8.DSC --> perplex /home/user1/jeschke/DeerAnalysis2006/DeerAnalysis2006/examples/series series8.DSC
2006.01.05 09:53 B c:\MATLAB6p5\DeerAnalysis2006\examples\series\series8.DTA --> perplex /home/user1/jeschke/DeerAnalysis2006/DeerAnalysis2006/examples/series series8.DTA
2006.01.05 09:53 B c:\MATLAB6p5\DeerAnalysis2006\examples\series\series9.DSC --> perplex /home/user1/jeschke/DeerAnalysis2006/DeerAnalysis2006/examples/series series9.DSC
2006.01.05 09:53 B c:\MATLAB6p5\DeerAnalysis2006\examples\series\series9.DTA --> perplex /home/user1/jeschke/DeerAnalysis2006/DeerAnalysis2006/examples/series series9.DTA
2006.01.05 09:53 B c:\MATLAB6p5\DeerAnalysis2006\examples\series\series_cmp.dat --> perplex /home/user1/jeschke/DeerAnalysis2006/DeerAnalysis2006/examples/series series_cmp.dat
2006.01.05 09:53 B c:\MATLAB6p5\DeerAnalysis2006\examples\series\series_diff.dat --> perplex /home/user1/jeschke/DeerAnalysis2006/DeerAnalysis2006/examples/series series_diff.dat
2006.01.05 09:53 B c:\MATLAB6p5\DeerAnalysis2006\examples\series\series_distr.dat --> perplex /home/user1/jeschke/DeerAnalysis2006/DeerAnalysis2006/examples/series series_distr.dat
2006.01.05 09:53 B c:\MATLAB6p5\DeerAnalysis2006\examples\series\series_mean.dat --> perplex /home/user1/jeschke/DeerAnalysis2006/DeerAnalysis2006/examples/series series_mean.dat
2006.01.05 09:53 B c:\MATLAB6p5\DeerAnalysis2006\examples\series\series_res.txt --> perplex /home/user1/jeschke/DeerAnalysis2006/DeerAnalysis2006/examples/series series_res.txt
2006.01.05 09:53 B c:\MATLAB6p5\DeerAnalysis2006\examples\series\WS_FTP.LOG --> perplex /home/user1/jeschke/DeerAnalysis2006/DeerAnalysis2006/examples/series WS_FTP.LOG
2006.03.07 16:20 B c:\MATLAB6p5\DeerAnalysis2006\examples\series\series1.DSC --> perplex /home/user1/jeschke/tutorial series1.DSC
2006.03.07 16:20 B c:\MATLAB6p5\DeerAnalysis2006\examples\series\series1.DTA --> perplex /home/user1/jeschke/tutorial series1.DTA
2006.03.07 16:20 B c:\MATLAB6p5\DeerAnalysis2006\examples\series\series2.DSC --> perplex /home/user1/jeschke/tutorial series2.DSC
2006.03.07 16:20 B c:\MATLAB6p5\DeerAnalysis2006\examples\series\series2.DTA --> perplex /home/user1/jeschke/tutorial series2.DTA
2006.03.07 16:20 B c:\MATLAB6p5\DeerAnalysis2006\examples\series\series8.DSC --> perplex /home/user1/jeschke/tutorial series8.DSC
2006.03.07 16:20 B c:\MATLAB6p5\DeerAnalysis2006\examples\series\series8.DTA --> perplex /home/user1/jeschke/tutorial series8.DTA
